<?xml version="1.0" encoding="UTF-8"?>
<!-- Generated by org.testng.reporters.JUnitReportReporter -->
<testsuite hostname="EXAIN-IT-L0092" name="qaclickacademy.HomePage_PracticeLinkValidation" tests="1" failures="0" timestamp="30 Jul 2019 09:03:38 GMT" time="2.290" errors="0">
  <testcase name="practiceLinkValidation" time="2.290" classname="qaclickacademy.HomePage_PracticeLinkValidation"/>
</testsuite> <!-- qaclickacademy.HomePage_PracticeLinkValidation -->
