<?xml version="1.0" encoding="UTF-8"?>
<!-- Generated by org.testng.reporters.JUnitReportReporter -->
<testsuite hostname="EXAIN-IT-L0092" name="qaclickacademy.PracticeLink_AutoSuggestiveDrpdwnValidation" tests="1" failures="0" timestamp="30 Jul 2019 09:03:38 GMT" time="3.671" errors="0">
  <testcase name="autoSuggestiveDropdownValidation" time="3.671" classname="qaclickacademy.PracticeLink_AutoSuggestiveDrpdwnValidation"/>
</testsuite> <!-- qaclickacademy.PracticeLink_AutoSuggestiveDrpdwnValidation -->
