<?xml version="1.0" encoding="UTF-8"?>
<!-- Generated by org.testng.reporters.JUnitReportReporter -->
<testsuite hostname="EXAIN-IT-L0092" name="qaclickacademy.HomePage_LoginValidation" tests="2" failures="0" timestamp="30 Jul 2019 09:03:38 GMT" time="12.824" errors="0">
  <testcase name="loginValidation" time="8.208" classname="qaclickacademy.HomePage_LoginValidation"/>
  <testcase name="loginValidation" time="4.616" classname="qaclickacademy.HomePage_LoginValidation"/>
</testsuite> <!-- qaclickacademy.HomePage_LoginValidation -->
