<?xml version="1.0" encoding="UTF-8"?>
<!-- Generated by org.testng.reporters.JUnitReportReporter -->
<testsuite hostname="EXAIN-IT-L0092" name="qaclickacademy.PracticeLink_TabValidation" tests="1" failures="0" timestamp="30 Jul 2019 10:29:47 GMT" time="1.261" errors="0">
  <testcase name="tabValidation" time="1.261" classname="qaclickacademy.PracticeLink_TabValidation"/>
</testsuite> <!-- qaclickacademy.PracticeLink_TabValidation -->
