<?xml version="1.0" encoding="UTF-8"?>
<!-- Generated by org.testng.reporters.JUnitReportReporter -->
<testsuite hostname="EXAIN-IT-L0092" name="qaclickacademy.PracticeLink_RadioButtonValidation" tests="1" failures="0" timestamp="30 Jul 2019 09:03:38 GMT" time="0.219" errors="0">
  <testcase name="radioBtnValidation" time="0.219" classname="qaclickacademy.PracticeLink_RadioButtonValidation"/>
</testsuite> <!-- qaclickacademy.PracticeLink_RadioButtonValidation -->
