<?xml version="1.0" encoding="UTF-8"?>
<!-- Generated by org.testng.reporters.JUnitReportReporter -->
<testsuite hostname="EXAIN-IT-L0092" name="qaclickacademy.PracticeLink_StaticDrpdwnValidation" tests="1" failures="0" timestamp="30 Jul 2019 09:58:20 GMT" time="0.157" errors="0">
  <testcase name="autoSuggestiveDropdownValidation" time="0.157" classname="qaclickacademy.PracticeLink_StaticDrpdwnValidation"/>
</testsuite> <!-- qaclickacademy.PracticeLink_StaticDrpdwnValidation -->
