<?xml version="1.0" encoding="UTF-8"?>
<!-- Generated by org.testng.reporters.JUnitReportReporter -->
<testsuite hostname="EXAIN-IT-L0092" name="qaclickacademy.PracticeLink_WindowValidation" tests="1" failures="0" timestamp="30 Jul 2019 10:15:30 GMT" time="1.303" errors="0">
  <testcase name="radioBtnValidation" time="1.303" classname="qaclickacademy.PracticeLink_WindowValidation"/>
</testsuite> <!-- qaclickacademy.PracticeLink_WindowValidation -->
