<?xml version="1.0" encoding="UTF-8"?>
<!-- Generated by org.testng.reporters.JUnitReportReporter -->
<testsuite hostname="EXAIN-IT-L0092" name="qaclickacademy.HomePage_TitleValidation" tests="1" failures="0" timestamp="30 Jul 2019 09:03:38 GMT" time="0.080" errors="0">
  <testcase name="NavBarValidation" time="0.080" classname="qaclickacademy.HomePage_TitleValidation"/>
</testsuite> <!-- qaclickacademy.HomePage_TitleValidation -->
