<?xml version="1.0" encoding="UTF-8"?>
<!-- Generated by org.testng.reporters.JUnitReportReporter -->
<testsuite hostname="EXAIN-IT-L0092" name="qaclickacademy.PracticeLink_CheckboxValidation" tests="1" failures="0" timestamp="30 Jul 2019 10:06:10 GMT" time="0.112" errors="0">
  <testcase name="checkboxValidation" time="0.112" classname="qaclickacademy.PracticeLink_CheckboxValidation"/>
</testsuite> <!-- qaclickacademy.PracticeLink_CheckboxValidation -->
