<?xml version="1.0" encoding="UTF-8"?>
<!-- Generated by org.testng.reporters.JUnitReportReporter -->
<testsuite hostname="EXAIN-IT-L0092" name="qaclickacademy.HomePage_NavBarValidation" tests="1" failures="0" timestamp="30 Jul 2019 09:18:00 GMT" time="0.085" errors="0">
  <testcase name="NavBarValidation" time="0.085" classname="qaclickacademy.HomePage_NavBarValidation"/>
</testsuite> <!-- qaclickacademy.HomePage_NavBarValidation -->
