<?xml version="1.0" encoding="UTF-8"?>
<!-- Generated by org.testng.reporters.JUnitReportReporter -->
<testsuite hostname="EXAIN-IT-L0092" name="qaclickacademy.HomePage_Validation" tests="1" failures="0" timestamp="30 Jul 2019 09:18:00 GMT" time="6.516" errors="0">
  <testcase name="loginClick" time="6.516" classname="qaclickacademy.HomePage_Validation"/>
</testsuite> <!-- qaclickacademy.HomePage_Validation -->
